0 silly input [ 'publish' ]
1 silly flags { _: [ 'publish' ], 'reject-cycles': false, rejectCycles: false }
2 verbose rootPath /Users/rtorruellas/personal/lerna-repo
3 info version 2.6.0
4 info versioning independent
5 silly isInitialized
6 silly isInitialized true
7 silly existsSync /Users/rtorruellas/personal/lerna-repo/VERSION
8 silly initialize attempt
9 silly isDetachedHead
10 silly getCurrentBranch
11 error initialize caught error
12 error Error: fatal: ambiguous argument 'HEAD': unknown revision or path not in the working tree.
12 error Use '--' to separate paths from revisions, like this:
12 error 'git <command> [<revision>...] -- [<file>...]'
12 error
12 error     at Function.module.exports.sync (/Users/rtorruellas/.nvm/versions/node/v8.9.3/lib/node_modules/lerna/node_modules/execa/index.js:303:26)
12 error     at Function.execSync (/Users/rtorruellas/.nvm/versions/node/v8.9.3/lib/node_modules/lerna/lib/ChildProcessUtilities.js:59:30)
12 error     at Function.getCurrentBranch (/Users/rtorruellas/.nvm/versions/node/v8.9.3/lib/node_modules/lerna/lib/GitUtilities.js:194:59)
12 error     at Function.isDetachedHead (/Users/rtorruellas/.nvm/versions/node/v8.9.3/lib/node_modules/lerna/lib/GitUtilities.js:45:37)
12 error     at PublishCommand.initialize (/Users/rtorruellas/.nvm/versions/node/v8.9.3/lib/node_modules/lerna/lib/commands/PublishCommand.js:242:36)
